# JRE version: OpenJDK Runtime Environment (8.0_152-b02) (build 1.8.0_152-release-1024-b02)
# Java VM: OpenJDK 64-Bit Server VM (25.152-b02 mixed mode windows-amd64 compressed oops)
Heap:
 PSYoungGen      total 158720K, used 130776K [0x00000000e0000000, 0x00000000eab00000, 0x0000000100000000)
  eden space 142336K, 80% used [0x00000000e0000000,0x00000000e6fb8c48,0x00000000e8b00000)
  from space 16384K, 99% used [0x00000000e8b00000,0x00000000e9afd458,0x00000000e9b00000)
  to   space 15360K, 0% used [0x00000000e9c00000,0x00000000e9c00000,0x00000000eab00000)
 ParOldGen       total 95744K, used 62998K [0x00000000a0000000, 0x00000000a5d80000, 0x00000000e0000000)
  object space 95744K, 65% used [0x00000000a0000000,0x00000000a3d858e8,0x00000000a5d80000)
 Metaspace       used 84481K, capacity 87464K, committed 89560K, reserved 1126400K
  class space    used 10543K, capacity 11186K, committed 11776K, reserved 1048576K
GC Heap History (10 events):
Event: 6911.162 GC heap before
{Heap before GC invocations=41 (full 4):
 PSYoungGen      total 157696K, used 146839K [0x00000000e0000000, 0x00000000eab00000, 0x0000000100000000)
  eden space 142336K, 100% used [0x00000000e0000000,0x00000000e8b00000,0x00000000e8b00000)
  from space 15360K, 29% used [0x00000000e9c00000,0x00000000ea065ea8,0x00000000eab00000)
  to   space 16384K, 0% used [0x00000000e8b00000,0x00000000e8b00000,0x00000000e9b00000)
 ParOldGen       total 95744K, used 47020K [0x00000000a0000000, 0x00000000a5d80000, 0x00000000e0000000)
  object space 95744K, 49% used [0x00000000a0000000,0x00000000a2deb1b0,0x00000000a5d80000)
 Metaspace       used 83504K, capacity 86206K, committed 89304K, reserved 1126400K
  class space    used 10443K, capacity 11051K, committed 11776K, reserved 1048576K
Event: 6912.152 GC heap after
Heap after GC invocations=41 (full 4):
 PSYoungGen      total 158720K, used 4657K [0x00000000e0000000, 0x00000000eab00000, 0x0000000100000000)
  eden space 142336K, 0% used [0x00000000e0000000,0x00000000e0000000,0x00000000e8b00000)
  from space 16384K, 28% used [0x00000000e8b00000,0x00000000e8f8c558,0x00000000e9b00000)
  to   space 15360K, 0% used [0x00000000e9c00000,0x00000000e9c00000,0x00000000eab00000)
 ParOldGen       total 95744K, used 50883K [0x00000000a0000000, 0x00000000a5d80000, 0x00000000e0000000)
  object space 95744K, 53% used [0x00000000a0000000,0x00000000a31b0ef8,0x00000000a5d80000)
 Metaspace       used 83504K, capacity 86206K, committed 89304K, reserved 1126400K
  class space    used 10443K, capacity 11051K, committed 11776K, reserved 1048576K
}
Event: 6912.707 GC heap before
{Heap before GC invocations=42 (full 4):
 PSYoungGen      total 158720K, used 146993K [0x00000000e0000000, 0x00000000eab00000, 0x0000000100000000)
  eden space 142336K, 100% used [0x00000000e0000000,0x00000000e8b00000,0x00000000e8b00000)
  from space 16384K, 28% used [0x00000000e8b00000,0x00000000e8f8c558,0x00000000e9b00000)
  to   space 15360K, 0% used [0x00000000e9c00000,0x00000000e9c00000,0x00000000eab00000)
 ParOldGen       total 95744K, used 50883K [0x00000000a0000000, 0x00000000a5d80000, 0x00000000e0000000)
  object space 95744K, 53% used [0x00000000a0000000,0x00000000a31b0ef8,0x00000000a5d80000)
 Metaspace       used 83515K, capacity 86274K, committed 89304K, reserved 1126400K
  class space    used 10443K, capacity 11051K, committed 11776K, reserved 1048576K
Event: 6912.729 GC heap after
Heap after GC invocations=42 (full 4):
 PSYoungGen      total 157696K, used 3040K [0x00000000e0000000, 0x00000000eab00000, 0x0000000100000000)
  eden space 142336K, 0% used [0x00000000e0000000,0x00000000e0000000,0x00000000e8b00000)
  from space 15360K, 19% used [0x00000000e9c00000,0x00000000e9ef8030,0x00000000eab00000)
  to   space 16384K, 0% used [0x00000000e8b00000,0x00000000e8b00000,0x00000000e9b00000)
 ParOldGen       total 95744K, used 54558K [0x00000000a0000000, 0x00000000a5d80000, 0x00000000e0000000)
  object space 95744K, 56% used [0x00000000a0000000,0x00000000a3547998,0x00000000a5d80000)
 Metaspace       used 83515K, capacity 86274K, committed 89304K, reserved 1126400K
  class space    used 10443K, capacity 11051K, committed 11776K, reserved 1048576K
}
Event: 6913.975 GC heap before
{Heap before GC invocations=43 (full 4):
 PSYoungGen      total 157696K, used 145376K [0x00000000e0000000, 0x00000000eab00000, 0x0000000100000000)
  eden space 142336K, 100% used [0x00000000e0000000,0x00000000e8b00000,0x00000000e8b00000)
  from space 15360K, 19% used [0x00000000e9c00000,0x00000000e9ef8030,0x00000000eab00000)
  to   space 16384K, 0% used [0x00000000e8b00000,0x00000000e8b00000,0x00000000e9b00000)
 ParOldGen       total 95744K, used 54558K [0x00000000a0000000, 0x00000000a5d80000, 0x00000000e0000000)
  object space 95744K, 56% used [0x00000000a0000000,0x00000000a3547998,0x00000000a5d80000)
 Metaspace       used 83562K, capacity 86296K, committed 89304K, reserved 1126400K
  class space    used 10446K, capacity 11056K, committed 11776K, reserved 1048576K
Event: 6913.990 GC heap after
Heap after GC invocations=43 (full 4):
 PSYoungGen      total 158720K, used 3040K [0x00000000e0000000, 0x00000000eab00000, 0x0000000100000000)
  eden space 142336K, 0% used [0x00000000e0000000,0x00000000e0000000,0x00000000e8b00000)
  from space 16384K, 18% used [0x00000000e8b00000,0x00000000e8df8030,0x00000000e9b00000)
  to   space 15360K, 0% used [0x00000000e9c00000,0x00000000e9c00000,0x00000000eab00000)
 ParOldGen       total 95744K, used 56270K [0x00000000a0000000, 0x00000000a5d80000, 0x00000000e0000000)
  object space 95744K, 58% used [0x00000000a0000000,0x00000000a36f39d8,0x00000000a5d80000)
 Metaspace       used 83562K, capacity 86296K, committed 89304K, reserved 1126400K
  class space    used 10446K, capacity 11056K, committed 11776K, reserved 1048576K
}
Event: 6915.213 GC heap before
{Heap before GC invocations=44 (full 4):
 PSYoungGen      total 158720K, used 145151K [0x00000000e0000000, 0x00000000eab00000, 0x0000000100000000)
  eden space 142336K, 99% used [0x00000000e0000000,0x00000000e8ac7cc0,0x00000000e8b00000)
  from space 16384K, 18% used [0x00000000e8b00000,0x00000000e8df8030,0x00000000e9b00000)
  to   space 15360K, 0% used [0x00000000e9c00000,0x00000000e9c00000,0x00000000eab00000)
 ParOldGen       total 95744K, used 56270K [0x00000000a0000000, 0x00000000a5d80000, 0x00000000e0000000)
  object space 95744K, 58% used [0x00000000a0000000,0x00000000a36f39d8,0x00000000a5d80000)
 Metaspace       used 83584K, capacity 86296K, committed 89304K, reserved 1126400K
  class space    used 10446K, capacity 11056K, committed 11776K, reserved 1048576K
Event: 6915.221 GC heap after
Heap after GC invocations=44 (full 4):
 PSYoungGen      total 157696K, used 480K [0x00000000e0000000, 0x00000000eab00000, 0x0000000100000000)
  eden space 142336K, 0% used [0x00000000e0000000,0x00000000e0000000,0x00000000e8b00000)
  from space 15360K, 3% used [0x00000000e9c00000,0x00000000e9c78000,0x00000000eab00000)
  to   space 16384K, 0% used [0x00000000e8b00000,0x00000000e8b00000,0x00000000e9b00000)
 ParOldGen       total 95744K, used 57694K [0x00000000a0000000, 0x00000000a5d80000, 0x00000000e0000000)
  object space 95744K, 60% used [0x00000000a0000000,0x00000000a3857a08,0x00000000a5d80000)
 Metaspace       used 83584K, capacity 86296K, committed 89304K, reserved 1126400K
  class space    used 10446K, capacity 11056K, committed 11776K, reserved 1048576K
}
Event: 6920.221 GC heap before
{Heap before GC invocations=45 (full 4):
 PSYoungGen      total 157696K, used 142816K [0x00000000e0000000, 0x00000000eab00000, 0x0000000100000000)
  eden space 142336K, 100% used [0x00000000e0000000,0x00000000e8b00000,0x00000000e8b00000)
  from space 15360K, 3% used [0x00000000e9c00000,0x00000000e9c78000,0x00000000eab00000)
  to   space 16384K, 0% used [0x00000000e8b00000,0x00000000e8b00000,0x00000000e9b00000)
 ParOldGen       total 95744K, used 57694K [0x00000000a0000000, 0x00000000a5d80000, 0x00000000e0000000)
  object space 95744K, 60% used [0x00000000a0000000,0x00000000a3857a08,0x00000000a5d80000)
 Metaspace       used 84268K, capacity 87202K, committed 89560K, reserved 1126400K
  class space    used 10512K, capacity 11157K, committed 11776K, reserved 1048576K
Event: 6920.264 GC heap after
Heap after GC invocations=45 (full 4):
 PSYoungGen      total 158720K, used 16373K [0x00000000e0000000, 0x00000000eab00000, 0x0000000100000000)
  eden space 142336K, 0% used [0x00000000e0000000,0x00000000e0000000,0x00000000e8b00000)
  from space 16384K, 99% used [0x00000000e8b00000,0x00000000e9afd458,0x00000000e9b00000)
  to   space 15360K, 0% used [0x00000000e9c00000,0x00000000e9c00000,0x00000000eab00000)
 ParOldGen       total 95744K, used 62998K [0x00000000a0000000, 0x00000000a5d80000, 0x00000000e0000000)
  object space 95744K, 65% used [0x00000000a0000000,0x00000000a3d858e8,0x00000000a5d80000)
 Metaspace       used 84268K, capacity 87202K, committed 89560K, reserved 1126400K
  class space    used 10512K, capacity 11157K, committed 11776K, reserved 1048576K
}

